<!DOCTYPE html PUBLIC "-//W3C//DTD XHTML 1.1//EN" "https://www.w3.org/TR/xhtml11/DTD/xhtml11.dtd">
<html xmlns="https://www.w3.org/1999/xhtml">
<head>
<meta http-equiv="content-type" content="text/html; charset=UTF-8"/>
<title>TestNG Report</title>
<style type="text/css">table {margin-bottom:10px;border-collapse:collapse;empty-cells:show}th,td {border:1px solid #009;padding:.25em .5em}th {vertical-align:bottom}td {vertical-align:top}table a {font-weight:bold}.stripe td {background-color: #E6EBF9}.num {text-align:right}.passedodd td {background-color: #3F3}.passedeven td {background-color: #0A0}.skippedodd td {background-color: #DDD}.skippedeven td {background-color: #CCC}.failedodd td,.attn {background-color: #F33}.failedeven td,.stripe .attn {background-color: #D00}.stacktrace {white-space:pre;font-family:monospace}.totop {font-size:85%;text-align:center;border-bottom:2px solid #000}.invisible {display:none}</style>
</head>
<body>
<table>
<tr><th>Test</th><th># Passed</th><th># Skipped</th><th># Retried</th><th># Failed</th><th>Time (ms)</th><th>Included Groups</th><th>Excluded Groups</th></tr>
<tr><th colspan="8">BankingDomain</th></tr>
<tr><td><a href="#t0">Test1</a></td><td class="num">19</td><td class="num attn">1</td><td class="num">0</td><td class="num attn">21</td><td class="num">380,687</td><td></td><td></td></tr>
</table>
<table id='summary'><thead><tr><th>Class</th><th>Method</th><th>Start</th><th>Time (ms)</th></tr></thead><tbody><tr><th colspan="4">BankingDomain</th></tr></tbody><tbody id="t0"><tr><th colspan="4">Test1 &#8212; failed</th></tr><tr class="failedeven"><td rowspan="3">testLayer.BillPayTest</td><td><a href="#m0">BillPay_InvalidAccountno</a></td><td rowspan="3">1673431521177</td><td rowspan="3">8084</td></tr><tr class="failedeven"><td><a href="#m1">BillPay_InvalidAccountno</a></td></tr><tr class="failedeven"><td><a href="#m2">BillPay_InvalidAccountno</a></td></tr><tr class="failedodd"><td rowspan="1">testLayer.ForgotInfoTest</td><td><a href="#m3">ForgotLogin_Valid</a></td><td rowspan="1">1673431406182</td><td rowspan="1">8085</td></tr><tr class="failedeven"><td rowspan="2">testLayer.LoginTest</td><td><a href="#m4">Login_InvalidPassword</a></td><td rowspan="1">1673431246605</td><td rowspan="1">2499</td></tr><tr class="failedeven"><td><a href="#m5">Login_InvalidUnregisteredIdpass</a></td><td rowspan="1">1673431251149</td><td rowspan="1">2529</td></tr><tr class="failedodd"><td rowspan="12">testLayer.RegisterTest</td><td><a href="#m6">Register_invalidEmpty</a></td><td rowspan="1">1673431541283</td><td rowspan="1">5221</td></tr><tr class="failedodd"><td><a href="#m7">Register_invalidPhoneno</a></td><td rowspan="2">1673431569304</td><td rowspan="2">5117</td></tr><tr class="failedodd"><td><a href="#m8">Register_invalidPhoneno</a></td></tr><tr class="failedodd"><td><a href="#m9">Register_invalidPin</a></td><td rowspan="2">1673431555390</td><td rowspan="2">5121</td></tr><tr class="failedodd"><td><a href="#m10">Register_invalidPin</a></td></tr><tr class="failedodd"><td><a href="#m11">Register_invalidSSn</a></td><td rowspan="3">1673431576347</td><td rowspan="3">4937</td></tr><tr class="failedodd"><td><a href="#m12">Register_invalidSSn</a></td></tr><tr class="failedodd"><td><a href="#m13">Register_invalidSSn</a></td></tr><tr class="failedodd"><td><a href="#m14">Register_invalidwithNumber</a></td><td rowspan="1">1673431416273</td><td rowspan="1">8034</td></tr><tr class="failedodd"><td><a href="#m15">Register_invalidwithSpace</a></td><td rowspan="1">1673431504145</td><td rowspan="1">5159</td></tr><tr class="failedodd"><td><a href="#m16">Register_invalidwithSpecialCharacter</a></td><td rowspan="1">1673431458786</td><td rowspan="1">5108</td></tr><tr class="failedodd"><td><a href="#m17">Register_valid</a></td><td rowspan="1">1673431368060</td><td rowspan="1">4821</td></tr><tr class="failedeven"><td rowspan="1">testLayer.TransferFundsTest</td><td><a href="#m18">TransferFunds_InvalidToAcc</a></td><td rowspan="1">1673431426393</td><td rowspan="1">5383</td></tr><tr class="failedodd"><td rowspan="2">testLayer.UpdateContactInfoTest</td><td><a href="#m19">UpdateContactInfo_Updatedata</a></td><td rowspan="1">1673431271830</td><td rowspan="1">24838</td></tr><tr class="failedodd"><td><a href="#m20">UpdateContactInfo_Verifypopulatedata</a></td><td rowspan="1">1673431298691</td><td rowspan="1">24559</td></tr><tr><th colspan="4">Test1 &#8212; skipped</th></tr><tr class="skippedeven"><td rowspan="1">testLayer.TransferFundsTest</td><td><a href="#m21">TransferFunds_InvalidAmount</a></td><td rowspan="1">1673431464108</td><td rowspan="1">0</td></tr><tr><th colspan="4">Test1 &#8212; passed</th></tr><tr class="passedeven"><td rowspan="1">testLayer.AccountOverviewTest</td><td><a href="#m22">AccountOverview_verifyLink</a></td><td rowspan="1">1673431228436</td><td rowspan="1">3861</td></tr><tr class="passedodd"><td rowspan="5">testLayer.BillPayTest</td><td><a href="#m23">BillPay_Emptyfields</a></td><td rowspan="1">1673431341540</td><td rowspan="1">7731</td></tr><tr class="passedodd"><td><a href="#m24">BillPay_InvalidPinPhoneNumber</a></td><td rowspan="2">1673431476304</td><td rowspan="2">8337</td></tr><tr class="passedodd"><td><a href="#m25">BillPay_InvalidPinPhoneNumber</a></td></tr><tr class="passedodd"><td><a href="#m26">BillPay_InvalidSpecialCharacter</a></td><td rowspan="1">1673431387740</td><td rowspan="1">8335</td></tr><tr class="passedodd"><td><a href="#m27">BillPay_InvalidwithNumbers</a></td><td rowspan="1">1673431434077</td><td rowspan="1">8565</td></tr><tr class="passedeven"><td rowspan="4">testLayer.FindTransactionsTest</td><td><a href="#m28">FindTransactions_Amount</a></td><td rowspan="1">1673431486694</td><td rowspan="1">5378</td></tr><tr class="passedeven"><td><a href="#m29">FindTransactions_Date</a></td><td rowspan="1">1673431398052</td><td rowspan="1">6136</td></tr><tr class="passedeven"><td><a href="#m30">FindTransactions_Daterange</a></td><td rowspan="1">1673431444729</td><td rowspan="1">5481</td></tr><tr class="passedeven"><td><a href="#m31">FindTransactions_ID</a></td><td rowspan="1">1673431351178</td><td rowspan="1">6357</td></tr><tr class="passedodd"><td rowspan="3">testLayer.ForgotInfoTest</td><td><a href="#m32">ForgotLogin_Formvisible</a></td><td rowspan="1">1673431359729</td><td rowspan="1">6605</td></tr><tr class="passedodd"><td><a href="#m33">ForgotLogin_InvalidEmptyFields</a></td><td rowspan="1">1673431452137</td><td rowspan="1">4811</td></tr><tr class="passedodd"><td><a href="#m34">ForgotLogin_Unregisterd</a></td><td rowspan="1">1673431494000</td><td rowspan="1">8235</td></tr><tr class="passedeven"><td rowspan="1">testLayer.LoanRequestTest</td><td><a href="#m35">LoanRequest_Validdata</a></td><td rowspan="1">1673431234481</td><td rowspan="1">5434</td></tr><tr class="passedodd"><td rowspan="2">testLayer.LoginTest</td><td><a href="#m36">Login_InvalidEmptyInput</a></td><td rowspan="1">1673431241838</td><td rowspan="1">2626</td></tr><tr class="passedodd"><td><a href="#m37">Login_valid</a></td><td rowspan="1">1673431255711</td><td rowspan="1">4746</td></tr><tr class="passedeven"><td rowspan="1">testLayer.OpenNewAccTest</td><td><a href="#m38">OpenNewAcc_CreateAcc</a></td><td rowspan="1">1673431262447</td><td rowspan="1">7375</td></tr><tr class="passedodd"><td rowspan="1">testLayer.RegisterTest</td><td><a href="#m39">Register_invalidConfirmpass</a></td><td rowspan="1">1673431596940</td><td rowspan="1">7083</td></tr><tr class="passedeven"><td rowspan="1">testLayer.TransferFundsTest</td><td><a href="#m40">TransferFunds_Valid</a></td><td rowspan="1">1673431375081</td><td rowspan="1">10375</td></tr></tbody>
</table>
<h2>Test1</h2><h3 id="m0">testLayer.BillPayTest#BillPay_InvalidAccountno</h3><table class="result"><tr class="param"><th>Parameter #1</th><th>Parameter #2</th><th>Parameter #3</th><th>Parameter #4</th><th>Parameter #5</th><th>Parameter #6</th><th>Parameter #7</th><th>Parameter #8</th><th>Parameter #9</th><th>Parameter #10</th><th>Parameter #11</th></tr><tr class="param stripe"><td>User</td><td>pass1234</td><td>jay</td><td>jay</td><td>jaya</td><td>jay</td><td>123456.0</td><td>1.23456789E9</td><td>12345 6</td><td>12345 6</td><td>100.0</td></tr><tr><th colspan="11">Exception</th></tr><tr><td colspan="11"><div class="stacktrace">java.lang.AssertionError: expected [Bill Payment to jay in the amount of $100.0 from account [[[[ChromeDriver: chrome on WINDOWS (b6263505cadde864f11e793ee96c93bc)] -&gt; css selector: #rightPanel &gt; div &gt; div:nth-child(1) &gt; form &gt; table &gt; tbody &gt; tr:nth-child(13) &gt; td:nth-child(2) &gt; select]] -&gt; tag name: option] was successful.] but found []
	at testLayer.BillPayTest.BillPay_InvalidAccountno(BillPayTest.java:141)
	at java.base/java.util.ArrayList.forEach(ArrayList.java:1511)
	at java.base/java.util.concurrent.FutureTask.run(FutureTask.java:264)
	at java.base/java.util.concurrent.ThreadPoolExecutor.runWorker(ThreadPoolExecutor.java:1136)
	at java.base/java.util.concurrent.ThreadPoolExecutor$Worker.run(ThreadPoolExecutor.java:635)
	at java.base/java.lang.Thread.run(Thread.java:833)
... Removed 24 stack frames</div></td></tr></table><p class="totop"><a href="#summary">back to summary</a></p>
<h3 id="m1">testLayer.BillPayTest#BillPay_InvalidAccountno</h3><table class="result"><tr class="param"><th>Parameter #1</th><th>Parameter #2</th><th>Parameter #3</th><th>Parameter #4</th><th>Parameter #5</th><th>Parameter #6</th><th>Parameter #7</th><th>Parameter #8</th><th>Parameter #9</th><th>Parameter #10</th><th>Parameter #11</th></tr><tr class="param stripe"><td>User</td><td>pass1234</td><td>jay</td><td>jay</td><td>jaya</td><td>jay</td><td>123456.0</td><td>1.23456789E9</td><td>123 4</td><td>123.0</td><td>100.0</td></tr><tr><th colspan="11">Exception</th></tr><tr><td colspan="11"><div class="stacktrace">java.lang.AssertionError: expected [Bill Payment to jay in the amount of $100.0 from account [[[[ChromeDriver: chrome on WINDOWS (6a3cd278728a17d01eaaf867d78ece99)] -&gt; css selector: #rightPanel &gt; div &gt; div:nth-child(1) &gt; form &gt; table &gt; tbody &gt; tr:nth-child(13) &gt; td:nth-child(2) &gt; select]] -&gt; tag name: option] was successful.] but found []
	at testLayer.BillPayTest.BillPay_InvalidAccountno(BillPayTest.java:141)
	at java.base/java.util.ArrayList.forEach(ArrayList.java:1511)
	at java.base/java.util.concurrent.FutureTask.run(FutureTask.java:264)
	at java.base/java.util.concurrent.ThreadPoolExecutor.runWorker(ThreadPoolExecutor.java:1136)
	at java.base/java.util.concurrent.ThreadPoolExecutor$Worker.run(ThreadPoolExecutor.java:635)
	at java.base/java.lang.Thread.run(Thread.java:833)
... Removed 24 stack frames</div></td></tr></table><p class="totop"><a href="#summary">back to summary</a></p>
<h3 id="m2">testLayer.BillPayTest#BillPay_InvalidAccountno</h3><table class="result"><tr class="param"><th>Parameter #1</th><th>Parameter #2</th><th>Parameter #3</th><th>Parameter #4</th><th>Parameter #5</th><th>Parameter #6</th><th>Parameter #7</th><th>Parameter #8</th><th>Parameter #9</th><th>Parameter #10</th><th>Parameter #11</th></tr><tr class="param stripe"><td>User</td><td>pass1234</td><td>jay</td><td>jay</td><td>jaya</td><td>jay</td><td>123456.0</td><td>1.23456789E9</td><td>1234 5</td><td>1234 5</td><td>100.0</td></tr><tr><th colspan="11">Exception</th></tr><tr><td colspan="11"><div class="stacktrace">java.lang.AssertionError: expected [Bill Payment to jay in the amount of $100.0 from account [[[[ChromeDriver: chrome on WINDOWS (622244e09db9e4c3b43650ba31e89d68)] -&gt; css selector: #rightPanel &gt; div &gt; div:nth-child(1) &gt; form &gt; table &gt; tbody &gt; tr:nth-child(13) &gt; td:nth-child(2) &gt; select]] -&gt; tag name: option] was successful.] but found []
	at testLayer.BillPayTest.BillPay_InvalidAccountno(BillPayTest.java:141)
	at java.base/java.util.ArrayList.forEach(ArrayList.java:1511)
	at java.base/java.util.concurrent.FutureTask.run(FutureTask.java:264)
	at java.base/java.util.concurrent.ThreadPoolExecutor.runWorker(ThreadPoolExecutor.java:1136)
	at java.base/java.util.concurrent.ThreadPoolExecutor$Worker.run(ThreadPoolExecutor.java:635)
	at java.base/java.lang.Thread.run(Thread.java:833)
... Removed 24 stack frames</div></td></tr></table><p class="totop"><a href="#summary">back to summary</a></p>
<h3 id="m3">testLayer.ForgotInfoTest#ForgotLogin_Valid</h3><table class="result"><tr class="param"><th>Parameter #1</th><th>Parameter #2</th><th>Parameter #3</th><th>Parameter #4</th><th>Parameter #5</th><th>Parameter #6</th><th>Parameter #7</th></tr><tr class="param stripe"><td>tim</td><td>tim</td><td>tim</td><td>tim</td><td>tim</td><td>123456.0</td><td>123 456 789</td></tr><tr><th colspan="7">Exception</th></tr><tr><td colspan="7"><div class="stacktrace">java.lang.AssertionError: expected [Your login information was located successfully. You are now logged in.] but found [The customer information provided could not be found.]
	at testLayer.ForgotInfoTest.ForgotLogin_Valid(ForgotInfoTest.java:72)
	at java.base/java.util.ArrayList.forEach(ArrayList.java:1511)
	at java.base/java.util.concurrent.FutureTask.run(FutureTask.java:264)
	at java.base/java.util.concurrent.ThreadPoolExecutor.runWorker(ThreadPoolExecutor.java:1136)
	at java.base/java.util.concurrent.ThreadPoolExecutor$Worker.run(ThreadPoolExecutor.java:635)
	at java.base/java.lang.Thread.run(Thread.java:833)
... Removed 24 stack frames</div></td></tr></table><p class="totop"><a href="#summary">back to summary</a></p>
<h3 id="m4">testLayer.LoginTest#Login_InvalidPassword</h3><table class="result"><tr class="param"><th>Parameter #1</th><th>Parameter #2</th></tr><tr class="param stripe"><td>user </td><td>Pass1234</td></tr><tr><th colspan="2">Exception</th></tr><tr><td colspan="2"><div class="stacktrace">java.lang.AssertionError: expected [The username and password could not be verified.] but found [An internal error has occurred and has been logged.]
	at testLayer.LoginTest.Login_InvalidPassword(LoginTest.java:84)
	at java.base/java.util.ArrayList.forEach(ArrayList.java:1511)
	at java.base/java.util.concurrent.FutureTask.run(FutureTask.java:264)
	at java.base/java.util.concurrent.ThreadPoolExecutor.runWorker(ThreadPoolExecutor.java:1136)
	at java.base/java.util.concurrent.ThreadPoolExecutor$Worker.run(ThreadPoolExecutor.java:635)
	at java.base/java.lang.Thread.run(Thread.java:833)
... Removed 24 stack frames</div></td></tr></table><p class="totop"><a href="#summary">back to summary</a></p>
<h3 id="m5">testLayer.LoginTest#Login_InvalidUnregisteredIdpass</h3><table class="result"><tr class="param"><th>Parameter #1</th><th>Parameter #2</th></tr><tr class="param stripe"><td>User12345</td><td>pass12345</td></tr><tr><th colspan="2">Exception</th></tr><tr><td colspan="2"><div class="stacktrace">java.lang.AssertionError: expected [The username and password could not be verified.] but found [An internal error has occurred and has been logged.]
	at testLayer.LoginTest.Login_InvalidUnregisteredIdpass(LoginTest.java:95)
	at java.base/java.util.ArrayList.forEach(ArrayList.java:1511)
	at java.base/java.util.concurrent.FutureTask.run(FutureTask.java:264)
	at java.base/java.util.concurrent.ThreadPoolExecutor.runWorker(ThreadPoolExecutor.java:1136)
	at java.base/java.util.concurrent.ThreadPoolExecutor$Worker.run(ThreadPoolExecutor.java:635)
	at java.base/java.lang.Thread.run(Thread.java:833)
... Removed 24 stack frames</div></td></tr></table><p class="totop"><a href="#summary">back to summary</a></p>
<h3 id="m6">testLayer.RegisterTest#Register_invalidEmpty</h3><table class="result"><tr><th>Exception</th></tr><tr><td><div class="stacktrace">java.lang.AssertionError: Arrays differ at element [6]: Phone number is required. !=  expected [Phone number is required.] but found []
	at testLayer.RegisterTest.Register_invalidEmpty(RegisterTest.java:170)
	at java.base/java.util.ArrayList.forEach(ArrayList.java:1511)
	at java.base/java.util.concurrent.FutureTask.run(FutureTask.java:264)
	at java.base/java.util.concurrent.ThreadPoolExecutor.runWorker(ThreadPoolExecutor.java:1136)
	at java.base/java.util.concurrent.ThreadPoolExecutor$Worker.run(ThreadPoolExecutor.java:635)
	at java.base/java.lang.Thread.run(Thread.java:833)
... Removed 23 stack frames</div></td></tr></table><p class="totop"><a href="#summary">back to summary</a></p>
<h3 id="m7">testLayer.RegisterTest#Register_invalidPhoneno</h3><table class="result"><tr class="param"><th>Parameter #1</th><th>Parameter #2</th><th>Parameter #3</th><th>Parameter #4</th><th>Parameter #5</th><th>Parameter #6</th><th>Parameter #7</th><th>Parameter #8</th><th>Parameter #9</th><th>Parameter #10</th><th>Parameter #11</th></tr><tr class="param stripe"><td>tom</td><td>tom</td><td>tom</td><td>tom</td><td>tom</td><td>123456.0</td><td>1.2345678901E10</td><td>124 456 789</td><td>USer</td><td>pass1234</td><td>pass1234</td></tr><tr><th colspan="11">Exception</th></tr><tr><td colspan="11"><div class="stacktrace">java.lang.AssertionError: expected [true] but found [false]
	at testLayer.RegisterTest.Register_invalidPhoneno(RegisterTest.java:211)
	at java.base/java.util.ArrayList.forEach(ArrayList.java:1511)
	at java.base/java.util.concurrent.FutureTask.run(FutureTask.java:264)
	at java.base/java.util.concurrent.ThreadPoolExecutor.runWorker(ThreadPoolExecutor.java:1136)
	at java.base/java.util.concurrent.ThreadPoolExecutor$Worker.run(ThreadPoolExecutor.java:635)
	at java.base/java.lang.Thread.run(Thread.java:833)
... Removed 24 stack frames</div></td></tr></table><p class="totop"><a href="#summary">back to summary</a></p>
<h3 id="m8">testLayer.RegisterTest#Register_invalidPhoneno</h3><table class="result"><tr class="param"><th>Parameter #1</th><th>Parameter #2</th><th>Parameter #3</th><th>Parameter #4</th><th>Parameter #5</th><th>Parameter #6</th><th>Parameter #7</th><th>Parameter #8</th><th>Parameter #9</th><th>Parameter #10</th><th>Parameter #11</th></tr><tr class="param stripe"><td>tom</td><td>tom</td><td>tom</td><td>tom</td><td>tom</td><td>tom122</td><td>1.23456789E8</td><td>123 456 789</td><td>USer</td><td>pass1234</td><td>pass1234</td></tr><tr><th colspan="11">Exception</th></tr><tr><td colspan="11"><div class="stacktrace">java.lang.AssertionError: expected [true] but found [false]
	at testLayer.RegisterTest.Register_invalidPhoneno(RegisterTest.java:211)
	at java.base/java.util.ArrayList.forEach(ArrayList.java:1511)
	at java.base/java.util.concurrent.FutureTask.run(FutureTask.java:264)
	at java.base/java.util.concurrent.ThreadPoolExecutor.runWorker(ThreadPoolExecutor.java:1136)
	at java.base/java.util.concurrent.ThreadPoolExecutor$Worker.run(ThreadPoolExecutor.java:635)
	at java.base/java.lang.Thread.run(Thread.java:833)
... Removed 24 stack frames</div></td></tr></table><p class="totop"><a href="#summary">back to summary</a></p>
<h3 id="m9">testLayer.RegisterTest#Register_invalidPin</h3><table class="result"><tr class="param"><th>Parameter #1</th><th>Parameter #2</th><th>Parameter #3</th><th>Parameter #4</th><th>Parameter #5</th><th>Parameter #6</th><th>Parameter #7</th><th>Parameter #8</th><th>Parameter #9</th><th>Parameter #10</th><th>Parameter #11</th></tr><tr class="param stripe"><td>tom</td><td>tom</td><td>tom</td><td>tom</td><td>tom</td><td>123456T</td><td>1.234567891E9</td><td>124 456 789</td><td>useR</td><td>pass1234</td><td>pass1234</td></tr><tr><th colspan="11">Exception</th></tr><tr><td colspan="11"><div class="stacktrace">java.lang.AssertionError: expected [true] but found [false]
	at testLayer.RegisterTest.Register_invalidPin(RegisterTest.java:189)
	at java.base/java.util.ArrayList.forEach(ArrayList.java:1511)
	at java.base/java.util.concurrent.FutureTask.run(FutureTask.java:264)
	at java.base/java.util.concurrent.ThreadPoolExecutor.runWorker(ThreadPoolExecutor.java:1136)
	at java.base/java.util.concurrent.ThreadPoolExecutor$Worker.run(ThreadPoolExecutor.java:635)
	at java.base/java.lang.Thread.run(Thread.java:833)
... Removed 24 stack frames</div></td></tr></table><p class="totop"><a href="#summary">back to summary</a></p>
<h3 id="m10">testLayer.RegisterTest#Register_invalidPin</h3><table class="result"><tr class="param"><th>Parameter #1</th><th>Parameter #2</th><th>Parameter #3</th><th>Parameter #4</th><th>Parameter #5</th><th>Parameter #6</th><th>Parameter #7</th><th>Parameter #8</th><th>Parameter #9</th><th>Parameter #10</th><th>Parameter #11</th></tr><tr class="param stripe"><td>tom</td><td>tom</td><td>tom</td><td>tom</td><td>tom</td><td>tom12</td><td>1.23456789E9</td><td>123 456 789</td><td>useR</td><td>pass1234</td><td>pass1234</td></tr><tr><th colspan="11">Exception</th></tr><tr><td colspan="11"><div class="stacktrace">java.lang.AssertionError: expected [true] but found [false]
	at testLayer.RegisterTest.Register_invalidPin(RegisterTest.java:189)
	at java.base/java.util.ArrayList.forEach(ArrayList.java:1511)
	at java.base/java.util.concurrent.FutureTask.run(FutureTask.java:264)
	at java.base/java.util.concurrent.ThreadPoolExecutor.runWorker(ThreadPoolExecutor.java:1136)
	at java.base/java.util.concurrent.ThreadPoolExecutor$Worker.run(ThreadPoolExecutor.java:635)
	at java.base/java.lang.Thread.run(Thread.java:833)
... Removed 24 stack frames</div></td></tr></table><p class="totop"><a href="#summary">back to summary</a></p>
<h3 id="m11">testLayer.RegisterTest#Register_invalidSSn</h3><table class="result"><tr class="param"><th>Parameter #1</th><th>Parameter #2</th><th>Parameter #3</th><th>Parameter #4</th><th>Parameter #5</th><th>Parameter #6</th><th>Parameter #7</th><th>Parameter #8</th><th>Parameter #9</th><th>Parameter #10</th><th>Parameter #11</th></tr><tr class="param stripe"><td>tom</td><td>tom</td><td>tom</td><td>tom</td><td>tom</td><td>tom122</td><td>1.23456789E8</td><td>123 456 78</td><td>USER</td><td>pass1234</td><td>pass1234</td></tr><tr><th colspan="11">Exception</th></tr><tr><td colspan="11"><div class="stacktrace">java.lang.AssertionError: expected [true] but found [false]
	at testLayer.RegisterTest.Register_invalidSSn(RegisterTest.java:233)
	at java.base/java.util.ArrayList.forEach(ArrayList.java:1511)
	at java.base/java.util.concurrent.FutureTask.run(FutureTask.java:264)
	at java.base/java.util.concurrent.ThreadPoolExecutor.runWorker(ThreadPoolExecutor.java:1136)
	at java.base/java.util.concurrent.ThreadPoolExecutor$Worker.run(ThreadPoolExecutor.java:635)
	at java.base/java.lang.Thread.run(Thread.java:833)
... Removed 24 stack frames</div></td></tr></table><p class="totop"><a href="#summary">back to summary</a></p>
<h3 id="m12">testLayer.RegisterTest#Register_invalidSSn</h3><table class="result"><tr class="param"><th>Parameter #1</th><th>Parameter #2</th><th>Parameter #3</th><th>Parameter #4</th><th>Parameter #5</th><th>Parameter #6</th><th>Parameter #7</th><th>Parameter #8</th><th>Parameter #9</th><th>Parameter #10</th><th>Parameter #11</th></tr><tr class="param stripe"><td>tom</td><td>tom</td><td>tom</td><td>tom</td><td>tom</td><td>123456.0</td><td>1.2345678901E10</td><td>124 456 789 0</td><td>USER</td><td>pass1234</td><td>pass1234</td></tr><tr><th colspan="11">Exception</th></tr><tr><td colspan="11"><div class="stacktrace">java.lang.AssertionError: expected [true] but found [false]
	at testLayer.RegisterTest.Register_invalidSSn(RegisterTest.java:233)
	at java.base/java.util.ArrayList.forEach(ArrayList.java:1511)
	at java.base/java.util.concurrent.FutureTask.run(FutureTask.java:264)
	at java.base/java.util.concurrent.ThreadPoolExecutor.runWorker(ThreadPoolExecutor.java:1136)
	at java.base/java.util.concurrent.ThreadPoolExecutor$Worker.run(ThreadPoolExecutor.java:635)
	at java.base/java.lang.Thread.run(Thread.java:833)
... Removed 24 stack frames</div></td></tr></table><p class="totop"><a href="#summary">back to summary</a></p>
<h3 id="m13">testLayer.RegisterTest#Register_invalidSSn</h3><table class="result"><tr class="param"><th>Parameter #1</th><th>Parameter #2</th><th>Parameter #3</th><th>Parameter #4</th><th>Parameter #5</th><th>Parameter #6</th><th>Parameter #7</th><th>Parameter #8</th><th>Parameter #9</th><th>Parameter #10</th><th>Parameter #11</th></tr><tr class="param stripe"><td>tomTOM</td><td>TOM</td><td>tom</td><td>tom</td><td>tom</td><td>123456.0</td><td>1.23456789E9</td><td>1.23456789E8</td><td>USER</td><td>pass1234</td><td>pass1234</td></tr><tr><th colspan="11">Exception</th></tr><tr><td colspan="11"><div class="stacktrace">java.lang.AssertionError: expected [true] but found [false]
	at testLayer.RegisterTest.Register_invalidSSn(RegisterTest.java:233)
	at java.base/java.util.ArrayList.forEach(ArrayList.java:1511)
	at java.base/java.util.concurrent.FutureTask.run(FutureTask.java:264)
	at java.base/java.util.concurrent.ThreadPoolExecutor.runWorker(ThreadPoolExecutor.java:1136)
	at java.base/java.util.concurrent.ThreadPoolExecutor$Worker.run(ThreadPoolExecutor.java:635)
	at java.base/java.lang.Thread.run(Thread.java:833)
... Removed 24 stack frames</div></td></tr></table><p class="totop"><a href="#summary">back to summary</a></p>
<h3 id="m14">testLayer.RegisterTest#Register_invalidwithNumber</h3><table class="result"><tr class="param"><th>Parameter #1</th><th>Parameter #2</th><th>Parameter #3</th><th>Parameter #4</th><th>Parameter #5</th><th>Parameter #6</th><th>Parameter #7</th><th>Parameter #8</th><th>Parameter #9</th><th>Parameter #10</th><th>Parameter #11</th></tr><tr class="param stripe"><td>khu234</td><td>zaver34i</td><td>123 main street</td><td>Hamil45h</td><td>ON45</td><td>123P45</td><td>1.23456789E9</td><td>123 456 789</td><td>User</td><td>pass1234</td><td>pass1234</td></tr><tr><th colspan="11">Exception</th></tr><tr><td colspan="11"><div class="stacktrace">java.lang.AssertionError: expected [true] but found [false]
	at testLayer.RegisterTest.Register_invalidwithNumber(RegisterTest.java:113)
	at java.base/java.util.ArrayList.forEach(ArrayList.java:1511)
	at java.base/java.util.concurrent.FutureTask.run(FutureTask.java:264)
	at java.base/java.util.concurrent.ThreadPoolExecutor.runWorker(ThreadPoolExecutor.java:1136)
	at java.base/java.util.concurrent.ThreadPoolExecutor$Worker.run(ThreadPoolExecutor.java:635)
	at java.base/java.lang.Thread.run(Thread.java:833)
... Removed 24 stack frames</div></td></tr></table><p class="totop"><a href="#summary">back to summary</a></p>
<h3 id="m15">testLayer.RegisterTest#Register_invalidwithSpace</h3><table class="result"><tr class="param"><th>Parameter #1</th><th>Parameter #2</th><th>Parameter #3</th><th>Parameter #4</th><th>Parameter #5</th><th>Parameter #6</th><th>Parameter #7</th><th>Parameter #8</th><th>Parameter #9</th><th>Parameter #10</th><th>Parameter #11</th></tr><tr class="param stripe"><td> khushi</td><td> khushi</td><td> 123 main</td><td> Hamilton</td><td> On</td><td>123P34</td><td>1.23456789E9</td><td>123 456 789 </td><td>uSEr</td><td>pass1234</td><td>pass1234</td></tr><tr><th colspan="11">Exception</th></tr><tr><td colspan="11"><div class="stacktrace">java.lang.AssertionError: expected [true] but found [false]
	at testLayer.RegisterTest.Register_invalidwithSpace(RegisterTest.java:159)
	at java.base/java.util.ArrayList.forEach(ArrayList.java:1511)
	at java.base/java.util.concurrent.FutureTask.run(FutureTask.java:264)
	at java.base/java.util.concurrent.ThreadPoolExecutor.runWorker(ThreadPoolExecutor.java:1136)
	at java.base/java.util.concurrent.ThreadPoolExecutor$Worker.run(ThreadPoolExecutor.java:635)
	at java.base/java.lang.Thread.run(Thread.java:833)
... Removed 24 stack frames</div></td></tr></table><p class="totop"><a href="#summary">back to summary</a></p>
<h3 id="m16">testLayer.RegisterTest#Register_invalidwithSpecialCharacter</h3><table class="result"><tr class="param"><th>Parameter #1</th><th>Parameter #2</th><th>Parameter #3</th><th>Parameter #4</th><th>Parameter #5</th><th>Parameter #6</th><th>Parameter #7</th><th>Parameter #8</th><th>Parameter #9</th><th>Parameter #10</th><th>Parameter #11</th></tr><tr class="param stripe"><td>khu@#</td><td>khiuh$%</td><td>!@ main street</td><td>hami@</td><td>ON@</td><td>1@34%6</td><td>134567890@</td><td>123 #45 789</td><td>User</td><td>pass1234</td><td>pass1234</td></tr><tr><th colspan="11">Exception</th></tr><tr><td colspan="11"><div class="stacktrace">java.lang.AssertionError: expected [true] but found [false]
	at testLayer.RegisterTest.Register_invalidwithSpecialCharacter(RegisterTest.java:136)
	at java.base/java.util.ArrayList.forEach(ArrayList.java:1511)
	at java.base/java.util.concurrent.FutureTask.run(FutureTask.java:264)
	at java.base/java.util.concurrent.ThreadPoolExecutor.runWorker(ThreadPoolExecutor.java:1136)
	at java.base/java.util.concurrent.ThreadPoolExecutor$Worker.run(ThreadPoolExecutor.java:635)
	at java.base/java.lang.Thread.run(Thread.java:833)
... Removed 24 stack frames</div></td></tr></table><p class="totop"><a href="#summary">back to summary</a></p>
<h3 id="m17">testLayer.RegisterTest#Register_valid</h3><table class="result"><tr class="param"><th>Parameter #1</th><th>Parameter #2</th><th>Parameter #3</th><th>Parameter #4</th><th>Parameter #5</th><th>Parameter #6</th><th>Parameter #7</th><th>Parameter #8</th><th>Parameter #9</th><th>Parameter #10</th><th>Parameter #11</th></tr><tr class="param stripe"><td>Khushi</td><td>khushi</td><td>123 main street</td><td>Hamilton</td><td>ON</td><td>123456.0</td><td>1.23456789E9</td><td>123 456 789</td><td>User</td><td>pass1234</td><td>pass1234</td></tr><tr><th colspan="11">Exception</th></tr><tr><td colspan="11"><div class="stacktrace">java.lang.AssertionError: expected [Your account was created successfully. You are now logged in.] but found [If you have an account with us you can sign-up for free instant online access. You will have to provide some personal information.]
	at testLayer.RegisterTest.Register_valid(RegisterTest.java:90)
	at java.base/java.util.ArrayList.forEach(ArrayList.java:1511)
	at java.base/java.util.concurrent.FutureTask.run(FutureTask.java:264)
	at java.base/java.util.concurrent.ThreadPoolExecutor.runWorker(ThreadPoolExecutor.java:1136)
	at java.base/java.util.concurrent.ThreadPoolExecutor$Worker.run(ThreadPoolExecutor.java:635)
	at java.base/java.lang.Thread.run(Thread.java:833)
... Removed 24 stack frames</div></td></tr></table><p class="totop"><a href="#summary">back to summary</a></p>
<h3 id="m18">testLayer.TransferFundsTest#TransferFunds_InvalidToAcc</h3><table class="result"><tr class="param"><th>Parameter #1</th><th>Parameter #2</th><th>Parameter #3</th></tr><tr class="param stripe"><td>User</td><td>pass1234</td><td>200.0</td></tr><tr><th colspan="3">Exception</th></tr><tr><td colspan="3"><div class="stacktrace">java.lang.AssertionError: expected [false] but found [true]
	at testLayer.TransferFundsTest.TransferFunds_InvalidToAcc(TransferFundsTest.java:75)
	at java.base/java.util.ArrayList.forEach(ArrayList.java:1511)
	at java.base/java.util.concurrent.FutureTask.run(FutureTask.java:264)
	at java.base/java.util.concurrent.ThreadPoolExecutor.runWorker(ThreadPoolExecutor.java:1136)
	at java.base/java.util.concurrent.ThreadPoolExecutor$Worker.run(ThreadPoolExecutor.java:635)
	at java.base/java.lang.Thread.run(Thread.java:833)
... Removed 24 stack frames</div></td></tr></table><p class="totop"><a href="#summary">back to summary</a></p>
<h3 id="m19">testLayer.UpdateContactInfoTest#UpdateContactInfo_Updatedata</h3><table class="result"><tr class="param"><th>Parameter #1</th><th>Parameter #2</th><th>Parameter #3</th><th>Parameter #4</th><th>Parameter #5</th><th>Parameter #6</th><th>Parameter #7</th><th>Parameter #8</th><th>Parameter #9</th><th>Parameter #10</th><th>Parameter #11</th></tr><tr class="param stripe"><td>Khushi</td><td>khushi</td><td>123 main street</td><td>Hamilton</td><td>ON</td><td>123456.0</td><td>1.23456789E9</td><td>123 456 789</td><td>User</td><td>pass1234</td><td>pass1234</td></tr><tr><th colspan="11">Exception</th></tr><tr><td colspan="11"><div class="stacktrace">org.openqa.selenium.NoSuchElementException: no such element: Unable to locate element: {&quot;method&quot;:&quot;link text&quot;,&quot;selector&quot;:&quot;Update Contact Info&quot;}
  (Session info: chrome=108.0.5359.125)
For documentation on this error, please visit: https://selenium.dev/exceptions/#no_such_element
Build info: version: &apos;4.4.0&apos;, revision: &apos;e5c75ed026a&apos;
System info: host: &apos;DESKTOP-15S6U3P&apos;, ip: &apos;192.168.18.1&apos;, os.name: &apos;Windows 11&apos;, os.arch: &apos;amd64&apos;, os.version: &apos;10.0&apos;, java.version: &apos;17.0.5&apos;
Driver info: org.openqa.selenium.chrome.ChromeDriver
Command: [3ce63bc78740609f4ab6510ca8fdcdc5, findElement {using=link text, value=Update Contact Info}]
Capabilities {acceptInsecureCerts: false, browserName: chrome, browserVersion: 108.0.5359.125, chrome: {chromedriverVersion: 107.0.5304.62 (1eec40d3a576..., userDataDir: C:\Users\khush\AppData\Loca...}, goog:chromeOptions: {debuggerAddress: localhost:49735}, networkConnectionEnabled: false, pageLoadStrategy: normal, platformName: WINDOWS, proxy: Proxy(), se:cdp: ws://localhost:49735/devtoo..., se:cdpVersion: 108.0.5359.125, setWindowRect: true, strictFileInteractability: false, timeouts: {implicit: 0, pageLoad: 300000, script: 30000}, unhandledPromptBehavior: dismiss and notify, webauthn:extension:credBlob: true, webauthn:extension:largeBlob: true, webauthn:virtualAuthenticators: true}
Session ID: 3ce63bc78740609f4ab6510ca8fdcdc5
	at org.openqa.selenium.remote.codec.w3c.W3CHttpResponseCodec.createException(W3CHttpResponseCodec.java:200)
	at org.openqa.selenium.remote.codec.w3c.W3CHttpResponseCodec.decode(W3CHttpResponseCodec.java:133)
	at org.openqa.selenium.remote.codec.w3c.W3CHttpResponseCodec.decode(W3CHttpResponseCodec.java:53)
	at org.openqa.selenium.remote.HttpCommandExecutor.execute(HttpCommandExecutor.java:184)
	at org.openqa.selenium.remote.service.DriverCommandExecutor.invokeExecute(DriverCommandExecutor.java:167)
	at org.openqa.selenium.remote.service.DriverCommandExecutor.execute(DriverCommandExecutor.java:142)
	at org.openqa.selenium.remote.RemoteWebDriver.execute(RemoteWebDriver.java:547)
	at org.openqa.selenium.remote.ElementLocation$ElementFinder$2.findElement(ElementLocation.java:162)
	at org.openqa.selenium.remote.ElementLocation.findElement(ElementLocation.java:60)
	at org.openqa.selenium.remote.RemoteWebDriver.findElement(RemoteWebDriver.java:365)
	at org.openqa.selenium.remote.RemoteWebDriver.findElement(RemoteWebDriver.java:357)
	at pomPackage.PomUpdateContactInfo.clickupdateinfolink(PomUpdateContactInfo.java:16)
	at testLayer.UpdateContactInfoTest.UpdateContactInfo_Updatedata(UpdateContactInfoTest.java:86)
	at java.base/java.util.ArrayList.forEach(ArrayList.java:1511)
	at java.base/java.util.concurrent.FutureTask.run(FutureTask.java:264)
	at java.base/java.util.concurrent.ThreadPoolExecutor.runWorker(ThreadPoolExecutor.java:1136)
	at java.base/java.util.concurrent.ThreadPoolExecutor$Worker.run(ThreadPoolExecutor.java:635)
	at java.base/java.lang.Thread.run(Thread.java:833)
... Removed 23 stack frames</div></td></tr></table><p class="totop"><a href="#summary">back to summary</a></p>
<h3 id="m20">testLayer.UpdateContactInfoTest#UpdateContactInfo_Verifypopulatedata</h3><table class="result"><tr class="param"><th>Parameter #1</th><th>Parameter #2</th><th>Parameter #3</th><th>Parameter #4</th><th>Parameter #5</th><th>Parameter #6</th><th>Parameter #7</th><th>Parameter #8</th><th>Parameter #9</th><th>Parameter #10</th><th>Parameter #11</th></tr><tr class="param stripe"><td>Khushi</td><td>khushi</td><td>123 main street</td><td>Hamilton</td><td>ON</td><td>123456.0</td><td>1.23456789E9</td><td>123 456 789</td><td>User</td><td>pass1234</td><td>pass1234</td></tr><tr><th colspan="11">Exception</th></tr><tr><td colspan="11"><div class="stacktrace">org.openqa.selenium.NoSuchElementException: no such element: Unable to locate element: {&quot;method&quot;:&quot;link text&quot;,&quot;selector&quot;:&quot;Update Contact Info&quot;}
  (Session info: chrome=108.0.5359.125)
For documentation on this error, please visit: https://selenium.dev/exceptions/#no_such_element
Build info: version: &apos;4.4.0&apos;, revision: &apos;e5c75ed026a&apos;
System info: host: &apos;DESKTOP-15S6U3P&apos;, ip: &apos;192.168.18.1&apos;, os.name: &apos;Windows 11&apos;, os.arch: &apos;amd64&apos;, os.version: &apos;10.0&apos;, java.version: &apos;17.0.5&apos;
Driver info: org.openqa.selenium.chrome.ChromeDriver
Command: [1efecaed0ea959935452c9a1528ca5a8, findElement {using=link text, value=Update Contact Info}]
Capabilities {acceptInsecureCerts: false, browserName: chrome, browserVersion: 108.0.5359.125, chrome: {chromedriverVersion: 107.0.5304.62 (1eec40d3a576..., userDataDir: C:\Users\khush\AppData\Loca...}, goog:chromeOptions: {debuggerAddress: localhost:49812}, networkConnectionEnabled: false, pageLoadStrategy: normal, platformName: WINDOWS, proxy: Proxy(), se:cdp: ws://localhost:49812/devtoo..., se:cdpVersion: 108.0.5359.125, setWindowRect: true, strictFileInteractability: false, timeouts: {implicit: 0, pageLoad: 300000, script: 30000}, unhandledPromptBehavior: dismiss and notify, webauthn:extension:credBlob: true, webauthn:extension:largeBlob: true, webauthn:virtualAuthenticators: true}
Session ID: 1efecaed0ea959935452c9a1528ca5a8
	at org.openqa.selenium.remote.codec.w3c.W3CHttpResponseCodec.createException(W3CHttpResponseCodec.java:200)
	at org.openqa.selenium.remote.codec.w3c.W3CHttpResponseCodec.decode(W3CHttpResponseCodec.java:133)
	at org.openqa.selenium.remote.codec.w3c.W3CHttpResponseCodec.decode(W3CHttpResponseCodec.java:53)
	at org.openqa.selenium.remote.HttpCommandExecutor.execute(HttpCommandExecutor.java:184)
	at org.openqa.selenium.remote.service.DriverCommandExecutor.invokeExecute(DriverCommandExecutor.java:167)
	at org.openqa.selenium.remote.service.DriverCommandExecutor.execute(DriverCommandExecutor.java:142)
	at org.openqa.selenium.remote.RemoteWebDriver.execute(RemoteWebDriver.java:547)
	at org.openqa.selenium.remote.ElementLocation$ElementFinder$2.findElement(ElementLocation.java:162)
	at org.openqa.selenium.remote.ElementLocation.findElement(ElementLocation.java:60)
	at org.openqa.selenium.remote.RemoteWebDriver.findElement(RemoteWebDriver.java:365)
	at org.openqa.selenium.remote.RemoteWebDriver.findElement(RemoteWebDriver.java:357)
	at pomPackage.PomUpdateContactInfo.clickupdateinfolink(PomUpdateContactInfo.java:16)
	at testLayer.UpdateContactInfoTest.UpdateContactInfo_Verifypopulatedata(UpdateContactInfoTest.java:58)
	at java.base/java.util.ArrayList.forEach(ArrayList.java:1511)
	at java.base/java.util.concurrent.FutureTask.run(FutureTask.java:264)
	at java.base/java.util.concurrent.ThreadPoolExecutor.runWorker(ThreadPoolExecutor.java:1136)
	at java.base/java.util.concurrent.ThreadPoolExecutor$Worker.run(ThreadPoolExecutor.java:635)
	at java.base/java.lang.Thread.run(Thread.java:833)
... Removed 23 stack frames</div></td></tr></table><p class="totop"><a href="#summary">back to summary</a></p>
<h3 id="m21">testLayer.TransferFundsTest#TransferFunds_InvalidAmount</h3><table class="result"><tr><th>Exception</th></tr><tr><td><div class="stacktrace">java.lang.RuntimeException: java.lang.NullPointerException: Cannot invoke &quot;Object.toString()&quot; because the return value of &quot;org.apache.poi.ss.usermodel.Row.getCell(int)&quot; is null
	at java.base/java.util.ArrayList.forEach(ArrayList.java:1511)
	at java.base/java.util.concurrent.FutureTask.run(FutureTask.java:264)
	at java.base/java.util.concurrent.ThreadPoolExecutor.runWorker(ThreadPoolExecutor.java:1136)
	at java.base/java.util.concurrent.ThreadPoolExecutor$Worker.run(ThreadPoolExecutor.java:635)
	at java.base/java.lang.Thread.run(Thread.java:833)
Caused by: java.lang.NullPointerException: Cannot invoke &quot;Object.toString()&quot; because the return value of &quot;org.apache.poi.ss.usermodel.Row.getCell(int)&quot; is null
	at testdata.ExcelSheet.readdata(ExcelSheet.java:41)
	at testLayer.TransferFundsTest.Details1(TransferFundsTest.java:39)
	... 20 more
... Removed 23 stack frames</div></td></tr></table><p class="totop"><a href="#summary">back to summary</a></p>
<h3 id="m22">testLayer.AccountOverviewTest#AccountOverview_verifyLink</h3><table class="result"><tr class="param"><th>Parameter #1</th><th>Parameter #2</th></tr><tr class="param stripe"><td>User</td><td>pass1234</td></tr></table><p class="totop"><a href="#summary">back to summary</a></p>
<h3 id="m23">testLayer.BillPayTest#BillPay_Emptyfields</h3><table class="result"><tr class="param"><th>Parameter #1</th><th>Parameter #2</th><th>Parameter #3</th><th>Parameter #4</th><th>Parameter #5</th></tr><tr class="param stripe"><td>User</td><td>pass1234</td><td>12345.0</td><td>12345.0</td><td>100.0</td></tr></table><p class="totop"><a href="#summary">back to summary</a></p>
<h3 id="m24">testLayer.BillPayTest#BillPay_InvalidPinPhoneNumber</h3><table class="result"><tr class="param"><th>Parameter #1</th><th>Parameter #2</th><th>Parameter #3</th><th>Parameter #4</th><th>Parameter #5</th><th>Parameter #6</th><th>Parameter #7</th><th>Parameter #8</th><th>Parameter #9</th><th>Parameter #10</th><th>Parameter #11</th></tr><tr class="param stripe"><td>User</td><td>pass1234</td><td>d</td><td>d</td><td>d</td><td>d</td><td>1234764.0</td><td>1.2345678789E10</td><td>13434.0</td><td>13434.0</td><td>100.0</td></tr></table><p class="totop"><a href="#summary">back to summary</a></p>
<h3 id="m25">testLayer.BillPayTest#BillPay_InvalidPinPhoneNumber</h3><table class="result"><tr class="param"><th>Parameter #1</th><th>Parameter #2</th><th>Parameter #3</th><th>Parameter #4</th><th>Parameter #5</th><th>Parameter #6</th><th>Parameter #7</th><th>Parameter #8</th><th>Parameter #9</th><th>Parameter #10</th><th>Parameter #11</th></tr><tr class="param stripe"><td>User</td><td>pass1234</td><td>d</td><td>d</td><td>d</td><td>d</td><td>12344.0</td><td>1.23456789E8</td><td>13434.0</td><td>13434.0</td><td>100.0</td></tr></table><p class="totop"><a href="#summary">back to summary</a></p>
<h3 id="m26">testLayer.BillPayTest#BillPay_InvalidSpecialCharacter</h3><table class="result"><tr class="param"><th>Parameter #1</th><th>Parameter #2</th><th>Parameter #3</th><th>Parameter #4</th><th>Parameter #5</th><th>Parameter #6</th><th>Parameter #7</th><th>Parameter #8</th><th>Parameter #9</th><th>Parameter #10</th><th>Parameter #11</th></tr><tr class="param stripe"><td>User</td><td>pass1234</td><td>john%</td><td>city#</td><td>city%</td><td>city%</td><td>zip$</td><td>12345689*</td><td>14010.0</td><td>14010.0</td><td>100.0</td></tr></table><p class="totop"><a href="#summary">back to summary</a></p>
<h3 id="m27">testLayer.BillPayTest#BillPay_InvalidwithNumbers</h3><table class="result"><tr class="param"><th>Parameter #1</th><th>Parameter #2</th><th>Parameter #3</th><th>Parameter #4</th><th>Parameter #5</th><th>Parameter #6</th><th>Parameter #7</th><th>Parameter #8</th><th>Parameter #9</th><th>Parameter #10</th><th>Parameter #11</th></tr><tr class="param stripe"><td>User</td><td>pass1234</td><td>jay</td><td>jay</td><td>jay45</td><td>jay67</td><td>1234T6</td><td>1.23456789E9</td><td>14010.0</td><td>14010.0</td><td>100.0</td></tr></table><p class="totop"><a href="#summary">back to summary</a></p>
<h3 id="m28">testLayer.FindTransactionsTest#FindTransactions_Amount</h3><table class="result"><tr><th class="invisible"/></tr></table><p class="totop"><a href="#summary">back to summary</a></p>
<h3 id="m29">testLayer.FindTransactionsTest#FindTransactions_Date</h3><table class="result"><tr><th class="invisible"/></tr></table><p class="totop"><a href="#summary">back to summary</a></p>
<h3 id="m30">testLayer.FindTransactionsTest#FindTransactions_Daterange</h3><table class="result"><tr><th class="invisible"/></tr></table><p class="totop"><a href="#summary">back to summary</a></p>
<h3 id="m31">testLayer.FindTransactionsTest#FindTransactions_ID</h3><table class="result"><tr><th class="invisible"/></tr></table><p class="totop"><a href="#summary">back to summary</a></p>
<h3 id="m32">testLayer.ForgotInfoTest#ForgotLogin_Formvisible</h3><table class="result"><tr><th class="invisible"/></tr></table><p class="totop"><a href="#summary">back to summary</a></p>
<h3 id="m33">testLayer.ForgotInfoTest#ForgotLogin_InvalidEmptyFields</h3><table class="result"><tr><th class="invisible"/></tr></table><p class="totop"><a href="#summary">back to summary</a></p>
<h3 id="m34">testLayer.ForgotInfoTest#ForgotLogin_Unregisterd</h3><table class="result"><tr class="param"><th>Parameter #1</th><th>Parameter #2</th><th>Parameter #3</th><th>Parameter #4</th><th>Parameter #5</th><th>Parameter #6</th><th>Parameter #7</th></tr><tr class="param stripe"><td>tim</td><td>tim</td><td>tom</td><td>tim</td><td>tim</td><td>123456.0</td><td>123 456 789</td></tr></table><p class="totop"><a href="#summary">back to summary</a></p>
<h3 id="m35">testLayer.LoanRequestTest#LoanRequest_Validdata</h3><table class="result"><tr><th class="invisible"/></tr></table><p class="totop"><a href="#summary">back to summary</a></p>
<h3 id="m36">testLayer.LoginTest#Login_InvalidEmptyInput</h3><table class="result"><tr><th class="invisible"/></tr></table><p class="totop"><a href="#summary">back to summary</a></p>
<h3 id="m37">testLayer.LoginTest#Login_valid</h3><table class="result"><tr class="param"><th>Parameter #1</th><th>Parameter #2</th></tr><tr class="param stripe"><td>User</td><td>pass1234</td></tr></table><p class="totop"><a href="#summary">back to summary</a></p>
<h3 id="m38">testLayer.OpenNewAccTest#OpenNewAcc_CreateAcc</h3><table class="result"><tr class="param"><th>Parameter #1</th><th>Parameter #2</th></tr><tr class="param stripe"><td>User</td><td>pass1234</td></tr></table><p class="totop"><a href="#summary">back to summary</a></p>
<h3 id="m39">testLayer.RegisterTest#Register_invalidConfirmpass</h3><table class="result"><tr class="param"><th>Parameter #1</th><th>Parameter #2</th><th>Parameter #3</th><th>Parameter #4</th><th>Parameter #5</th><th>Parameter #6</th><th>Parameter #7</th><th>Parameter #8</th><th>Parameter #9</th><th>Parameter #10</th><th>Parameter #11</th></tr><tr class="param stripe"><td>tom</td><td>tom</td><td>tom</td><td>tom</td><td>tom</td><td>123456.0</td><td>1.23456789E9</td><td>123 456 789</td><td>user</td><td>pass1234</td><td>pass</td></tr></table><p class="totop"><a href="#summary">back to summary</a></p>
<h3 id="m40">testLayer.TransferFundsTest#TransferFunds_Valid</h3><table class="result"><tr class="param"><th>Parameter #1</th><th>Parameter #2</th><th>Parameter #3</th></tr><tr class="param stripe"><td>User</td><td>pass1234</td><td>200.0</td></tr></table><p class="totop"><a href="#summary">back to summary</a></p>
</body>
</html>
